Deploy complete @ Sat Feb 24 2018 22:52:25 GMT-0700 (MST). added/changed 1 file(s): assets/bootstrap.css.
Deploy complete @ Sat Feb 24 2018 22:52:41 GMT-0700 (MST). removed 8 file(s): assets/js/bootstrap.bundle.min.js.map, assets/js/bootstrap.bundle.min.js, assets/js/bootstrap.bundle.js.map, assets/js/bootstrap.min.js.map, assets/js/bootstrap.bundle.js, assets/js/bootstrap.min.js, assets/js/bootstrap.js.map, assets/js/bootstrap.js.
Deploy complete @ Sat Feb 24 2018 22:52:45 GMT-0700 (MST). added/changed 1 file(s): assets/bootstrap.js.
Deploy complete @ Sat Feb 24 2018 22:53:24 GMT-0700 (MST). added/changed 1 file(s): layout/theme.liquid.
Deploy complete @ Sat Feb 24 2018 22:53:46 GMT-0700 (MST). added/changed 1 file(s): sections/navigation.liquid.
Deploy complete @ Sat Feb 24 2018 22:54:36 GMT-0700 (MST). added/changed 1 file(s): config/settings_data.json.
Deploy complete @ Sat Feb 24 2018 22:55:50 GMT-0700 (MST). added/changed 2 file(s): config/settings_data.json, layout/theme.liquid.
Deploy complete @ Sat Feb 24 2018 22:56:46 GMT-0700 (MST). added/changed 2 file(s): sections/header.liquid, sections/navigation.liquid.
Deploy complete @ Sat Feb 24 2018 22:58:06 GMT-0700 (MST). added/changed 2 file(s): sections/header.liquid, config/settings_data.json.
Deploy complete @ Sat Feb 24 2018 22:58:48 GMT-0700 (MST). added/changed 1 file(s): sections/navigation.liquid.
Deploy complete @ Sat Feb 24 2018 23:00:23 GMT-0700 (MST). added/changed 1 file(s): sections/navigation.liquid.
Deploy complete @ Sat Feb 24 2018 23:00:54 GMT-0700 (MST). added/changed 1 file(s): sections/navigation.liquid.
Deploy complete @ Sat Feb 24 2018 23:02:10 GMT-0700 (MST). added/changed 1 file(s): sections/navigation.liquid.
Deploy complete @ Sat Feb 24 2018 23:02:18 GMT-0700 (MST). added/changed 1 file(s): sections/navigation.liquid.
Deploy complete @ Sat Feb 24 2018 23:03:08 GMT-0700 (MST). added/changed 1 file(s): sections/navigation.liquid.
Deploy complete @ Sat Feb 24 2018 23:03:59 GMT-0700 (MST). added/changed 2 file(s): sections/header.liquid, sections/navigation.liquid.
Deploy complete @ Sat Feb 24 2018 23:04:10 GMT-0700 (MST). added/changed 1 file(s): sections/navigation.liquid.
Deploy complete @ Sat Feb 24 2018 23:04:25 GMT-0700 (MST). added/changed 1 file(s): assets/theme.css.
Deploy complete @ Sat Feb 24 2018 23:05:00 GMT-0700 (MST). added/changed 1 file(s): assets/theme.css.
Deploy complete @ Sat Feb 24 2018 23:06:16 GMT-0700 (MST). added/changed 1 file(s): assets/theme.css.
Deploy complete @ Sat Feb 24 2018 23:06:37 GMT-0700 (MST). added/changed 1 file(s): assets/theme.css.
Deploy complete @ Sat Feb 24 2018 23:07:41 GMT-0700 (MST). added/changed 1 file(s): assets/theme.css.
Deploy complete @ Sat Feb 24 2018 23:08:16 GMT-0700 (MST). added/changed 1 file(s): sections/navigation.liquid.
Deploy complete @ Sat Feb 24 2018 23:09:03 GMT-0700 (MST). added/changed 1 file(s): assets/theme.css.
Deploy complete @ Sat Feb 24 2018 23:09:24 GMT-0700 (MST). added/changed 1 file(s): assets/theme.css.
Deploy complete @ Sat Feb 24 2018 23:09:43 GMT-0700 (MST). added/changed 1 file(s): assets/theme.css.
Deploy complete @ Sat Feb 24 2018 23:10:09 GMT-0700 (MST). added/changed 1 file(s): assets/theme.css.
Deploy complete @ Sat Feb 24 2018 23:11:03 GMT-0700 (MST). added/changed 1 file(s): assets/theme.css.
Deploy complete @ Sun Feb 25 2018 08:22:21 GMT-0700 (MST). added/changed 1 file(s): assets/theme.css.
Deploy complete @ Sun Feb 25 2018 08:22:32 GMT-0700 (MST). added/changed 1 file(s): assets/theme.css.
Deploy complete @ Sun Feb 25 2018 08:24:10 GMT-0700 (MST). added/changed 1 file(s): sections/header.liquid.
Deploy complete @ Sun Feb 25 2018 08:24:39 GMT-0700 (MST). added/changed 1 file(s): assets/theme.css.
Deploy complete @ Sun Feb 25 2018 08:25:12 GMT-0700 (MST). added/changed 1 file(s): assets/theme.css.
Deploy complete @ Sun Feb 25 2018 08:25:38 GMT-0700 (MST). added/changed 1 file(s): assets/theme.css.
Deploy complete @ Sun Feb 25 2018 08:27:47 GMT-0700 (MST). added/changed 1 file(s): sections/header.liquid.
Deploy complete @ Sun Feb 25 2018 08:30:32 GMT-0700 (MST). added/changed 1 file(s): sections/header.liquid.
Deploy complete @ Sun Feb 25 2018 08:30:53 GMT-0700 (MST). added/changed 1 file(s): sections/header.liquid.
Deploy complete @ Sun Feb 25 2018 08:32:00 GMT-0700 (MST). added/changed 1 file(s): sections/header.liquid.
Deploy complete @ Sun Feb 25 2018 08:32:47 GMT-0700 (MST). added/changed 1 file(s): sections/header.liquid.
Deploy complete @ Sun Feb 25 2018 08:35:09 GMT-0700 (MST). added/changed 1 file(s): sections/header.liquid.
Deploy complete @ Sun Feb 25 2018 08:36:04 GMT-0700 (MST). added/changed 1 file(s): sections/header.liquid.
Deploy complete @ Sun Feb 25 2018 08:41:23 GMT-0700 (MST). added/changed 1 file(s): sections/header.liquid.
Deploy complete @ Sun Feb 25 2018 08:41:35 GMT-0700 (MST). added/changed 1 file(s): assets/theme.css.
Deploy complete @ Sun Feb 25 2018 08:41:50 GMT-0700 (MST). added/changed 1 file(s): sections/header.liquid.
Deploy complete @ Sun Feb 25 2018 08:42:14 GMT-0700 (MST). added/changed 1 file(s): sections/header.liquid.
Deploy complete @ Sun Feb 25 2018 08:42:46 GMT-0700 (MST). added/changed 1 file(s): sections/header.liquid.
Deploy complete @ Sun Feb 25 2018 08:43:55 GMT-0700 (MST). added/changed 1 file(s): sections/header.liquid.
Deploy complete @ Sun Feb 25 2018 08:51:47 GMT-0700 (MST). added/changed 1 file(s): sections/header.liquid.
Deploy complete @ Sun Feb 25 2018 08:54:28 GMT-0700 (MST). added/changed 1 file(s): sections/header.liquid.
Deploy complete @ Sun Feb 25 2018 08:57:37 GMT-0700 (MST). added/changed 1 file(s): sections/header.liquid.
Deploy complete @ Sun Feb 25 2018 09:01:47 GMT-0700 (MST). added/changed 2 file(s): sections/header.liquid, assets/theme.css.
Deploy complete @ Sun Feb 25 2018 09:02:51 GMT-0700 (MST). added/changed 1 file(s): sections/header.liquid.
Deploy complete @ Sun Feb 25 2018 09:08:08 GMT-0700 (MST). added/changed 1 file(s): assets/theme.css.
Deploy complete @ Sun Feb 25 2018 09:09:08 GMT-0700 (MST). added/changed 2 file(s): sections/header.liquid, assets/theme.css.
Deploy complete @ Sun Feb 25 2018 09:09:58 GMT-0700 (MST). added/changed 1 file(s): assets/theme.css.
Deploy complete @ Sun Feb 25 2018 09:10:22 GMT-0700 (MST). added/changed 1 file(s): assets/theme.css.
Deploy complete @ Sun Feb 25 2018 09:10:48 GMT-0700 (MST). added/changed 1 file(s): assets/theme.css.
Deploy complete @ Sun Feb 25 2018 09:11:04 GMT-0700 (MST). added/changed 1 file(s): sections/header.liquid.
Deploy complete @ Sun Feb 25 2018 09:11:19 GMT-0700 (MST). added/changed 1 file(s): sections/header.liquid.
Deploy complete @ Sun Feb 25 2018 09:11:43 GMT-0700 (MST). added/changed 1 file(s): assets/theme.css.
Deploy complete @ Sun Feb 25 2018 09:12:17 GMT-0700 (MST). added/changed 1 file(s): assets/theme.css.
Deploy complete @ Sun Feb 25 2018 09:12:30 GMT-0700 (MST). added/changed 1 file(s): assets/theme.css.
Deploy complete @ Sun Feb 25 2018 09:13:39 GMT-0700 (MST). added/changed 1 file(s): assets/theme.css.
Deploy complete @ Sun Feb 25 2018 09:14:31 GMT-0700 (MST). added/changed 1 file(s): assets/theme.css.
Deploy complete @ Sun Feb 25 2018 09:14:50 GMT-0700 (MST). added/changed 1 file(s): assets/theme.css.
Deploy complete @ Sun Feb 25 2018 09:17:36 GMT-0700 (MST). added/changed 1 file(s): sections/header.liquid.
Deploy complete @ Sun Feb 25 2018 09:19:47 GMT-0700 (MST). added/changed 1 file(s): assets/theme.css.
Deploy complete @ Sun Feb 25 2018 09:20:17 GMT-0700 (MST). added/changed 1 file(s): sections/header.liquid.
Deploy complete @ Sun Feb 25 2018 09:20:33 GMT-0700 (MST). added/changed 2 file(s): assets/theme.scss.liquid, assets/theme.css.
Deploy complete @ Sun Feb 25 2018 09:21:04 GMT-0700 (MST). added/changed 1 file(s): assets/theme.scss.liquid.
Deploy complete @ Sun Feb 25 2018 09:22:26 GMT-0700 (MST). added/changed 1 file(s): assets/theme.scss.liquid.
Deploy complete @ Sun Feb 25 2018 09:22:57 GMT-0700 (MST). added/changed 2 file(s): sections/header.liquid, assets/theme.scss.liquid.
Deploy complete @ Sun Feb 25 2018 09:23:02 GMT-0700 (MST). added/changed 1 file(s): assets/simple-armchair.jpg.
Deploy complete @ Sun Feb 25 2018 09:23:29 GMT-0700 (MST). added/changed 1 file(s): assets/theme.css.
Deploy complete @ Sun Feb 25 2018 09:23:45 GMT-0700 (MST). added/changed 1 file(s): assets/theme.css.
Deploy complete @ Sun Feb 25 2018 09:24:13 GMT-0700 (MST). added/changed 1 file(s): sections/header.liquid.
Deploy complete @ Sun Feb 25 2018 09:24:33 GMT-0700 (MST). added/changed 2 file(s): sections/header.liquid, assets/theme.css.
Deploy complete @ Sun Feb 25 2018 09:24:51 GMT-0700 (MST). added/changed 2 file(s): sections/header.liquid, assets/theme.css.
Deploy complete @ Sun Feb 25 2018 09:27:45 GMT-0700 (MST). added/changed 1 file(s): sections/header.liquid.
Deploy complete @ Sun Feb 25 2018 09:28:21 GMT-0700 (MST). added/changed 1 file(s): assets/theme.css.
Deploy complete @ Sun Feb 25 2018 10:01:15 GMT-0700 (MST). added/changed 1 file(s): assets/theme.css.
Deploy complete @ Sun Feb 25 2018 10:02:38 GMT-0700 (MST). added/changed 1 file(s): sections/header.liquid.
Deploy complete @ Sun Feb 25 2018 10:04:04 GMT-0700 (MST). added/changed 1 file(s): sections/header.liquid.
Deploy complete @ Sun Feb 25 2018 10:04:36 GMT-0700 (MST). added/changed 1 file(s): sections/header.liquid.
Deploy complete @ Sun Feb 25 2018 10:05:05 GMT-0700 (MST). added/changed 1 file(s): sections/header.liquid.
Deploy complete @ Sun Feb 25 2018 10:06:41 GMT-0700 (MST). added/changed 1 file(s): sections/header.liquid.
Deploy complete @ Sun Feb 25 2018 10:07:56 GMT-0700 (MST). added/changed 1 file(s): sections/header.liquid.
Deploy complete @ Sun Feb 25 2018 10:09:08 GMT-0700 (MST). added/changed 1 file(s): sections/header.liquid.
Deploy complete @ Sun Feb 25 2018 10:09:25 GMT-0700 (MST). added/changed 1 file(s): sections/header.liquid.
Deploy complete @ Sun Feb 25 2018 10:12:13 GMT-0700 (MST). added/changed 1 file(s): sections/header.liquid.
Deploy complete @ Sun Feb 25 2018 10:12:29 GMT-0700 (MST). added/changed 1 file(s): sections/header.liquid.
Deploy complete @ Sun Feb 25 2018 10:15:46 GMT-0700 (MST). added/changed 1 file(s): sections/header.liquid.
Deploy complete @ Sun Feb 25 2018 10:16:15 GMT-0700 (MST). added/changed 1 file(s): assets/theme.css.
Deploy complete @ Sun Feb 25 2018 10:16:57 GMT-0700 (MST). added/changed 1 file(s): assets/theme.css.
Deploy complete @ Sun Feb 25 2018 10:17:48 GMT-0700 (MST). added/changed 1 file(s): sections/footer.liquid.
Deploy complete @ Sun Feb 25 2018 10:19:09 GMT-0700 (MST). added/changed 1 file(s): sections/footer.liquid.
Deploy complete @ Sun Feb 25 2018 10:19:40 GMT-0700 (MST). added/changed 1 file(s): assets/theme.css.
Deploy complete @ Sun Feb 25 2018 10:20:09 GMT-0700 (MST). added/changed 1 file(s): sections/footer.liquid.
Deploy complete @ Sun Feb 25 2018 10:21:11 GMT-0700 (MST). added/changed 1 file(s): sections/footer.liquid.
Deploy complete @ Sun Feb 25 2018 10:21:21 GMT-0700 (MST). added/changed 1 file(s): assets/theme.css.
Deploy complete @ Sun Feb 25 2018 10:24:31 GMT-0700 (MST). added/changed 1 file(s): sections/footer.liquid.
Deploy complete @ Sun Feb 25 2018 10:24:44 GMT-0700 (MST). added/changed 1 file(s): sections/footer.liquid.
Deploy complete @ Sun Feb 25 2018 10:27:05 GMT-0700 (MST). added/changed 1 file(s): sections/footer.liquid.
Deploy complete @ Sun Feb 25 2018 10:27:34 GMT-0700 (MST). added/changed 1 file(s): assets/theme.css.
Deploy complete @ Sun Feb 25 2018 10:27:51 GMT-0700 (MST). added/changed 1 file(s): assets/theme.css.
Deploy complete @ Sun Feb 25 2018 10:28:08 GMT-0700 (MST). added/changed 1 file(s): assets/theme.css.
Deploy complete @ Sun Feb 25 2018 10:28:29 GMT-0700 (MST). added/changed 1 file(s): assets/theme.css.
Deploy complete @ Sun Feb 25 2018 10:28:58 GMT-0700 (MST). added/changed 1 file(s): sections/footer.liquid.
Deploy complete @ Sun Feb 25 2018 10:29:11 GMT-0700 (MST). added/changed 1 file(s): sections/footer.liquid.
Deploy complete @ Sun Feb 25 2018 10:29:51 GMT-0700 (MST). added/changed 1 file(s): sections/footer.liquid.
Deploy complete @ Sun Feb 25 2018 10:30:10 GMT-0700 (MST). added/changed 1 file(s): sections/footer.liquid.
Deploy complete @ Sun Feb 25 2018 10:30:30 GMT-0700 (MST). added/changed 1 file(s): sections/footer.liquid.
Deploy complete @ Sun Feb 25 2018 10:30:46 GMT-0700 (MST). added/changed 1 file(s): sections/footer.liquid.
Deploy complete @ Sun Feb 25 2018 10:31:31 GMT-0700 (MST). added/changed 1 file(s): assets/theme.css.
Deploy complete @ Sun Feb 25 2018 10:31:51 GMT-0700 (MST). added/changed 1 file(s): assets/theme.css.
Deploy complete @ Sun Feb 25 2018 10:32:34 GMT-0700 (MST). added/changed 1 file(s): assets/theme.css.
Deploy complete @ Sun Feb 25 2018 10:33:16 GMT-0700 (MST). added/changed 2 file(s): sections/footer.liquid, assets/theme.css.
Deploy complete @ Sun Feb 25 2018 10:33:43 GMT-0700 (MST). added/changed 1 file(s): assets/theme.css.
Deploy complete @ Sun Feb 25 2018 10:33:52 GMT-0700 (MST). added/changed 1 file(s): assets/theme.css.
Deploy complete @ Sun Feb 25 2018 10:34:03 GMT-0700 (MST). added/changed 1 file(s): assets/theme.css.
Deploy complete @ Sun Feb 25 2018 10:35:12 GMT-0700 (MST). added/changed 1 file(s): assets/theme.css.
Deploy complete @ Sun Feb 25 2018 10:38:29 GMT-0700 (MST). added/changed 1 file(s): sections/featured-collection.liquid.
Deploy complete @ Sun Feb 25 2018 10:38:45 GMT-0700 (MST). added/changed 1 file(s): sections/featured-collection.liquid.
Deploy complete @ Sun Feb 25 2018 10:38:58 GMT-0700 (MST). added/changed 1 file(s): sections/featured-collection.liquid.
Deploy complete @ Sun Feb 25 2018 10:39:18 GMT-0700 (MST). added/changed 1 file(s): sections/featured-collection.liquid.
Deploy complete @ Sun Feb 25 2018 10:39:29 GMT-0700 (MST). added/changed 1 file(s): sections/featured-collection.liquid.
Deploy complete @ Sun Feb 25 2018 10:39:46 GMT-0700 (MST). added/changed 1 file(s): sections/featured-collection.liquid.
Deploy complete @ Sun Feb 25 2018 10:41:10 GMT-0700 (MST). added/changed 1 file(s): sections/featured-collection.liquid.
Deploy complete @ Sun Feb 25 2018 10:41:59 GMT-0700 (MST). added/changed 1 file(s): sections/featured-collection.liquid.
Deploy complete @ Sun Feb 25 2018 10:42:14 GMT-0700 (MST). added/changed 1 file(s): sections/featured-collection.liquid.
Deploy complete @ Sun Feb 25 2018 10:43:22 GMT-0700 (MST). added/changed 1 file(s): sections/featured-collection.liquid.
Deploy complete @ Sun Feb 25 2018 10:43:39 GMT-0700 (MST). added/changed 1 file(s): sections/featured-collection.liquid.
Deploy complete @ Sun Feb 25 2018 10:44:01 GMT-0700 (MST). added/changed 1 file(s): sections/featured-collection.liquid.
Deploy complete @ Sun Feb 25 2018 10:44:11 GMT-0700 (MST). added/changed 1 file(s): sections/featured-collection.liquid.
Deploy complete @ Sun Feb 25 2018 10:44:46 GMT-0700 (MST). added/changed 1 file(s): sections/featured-collection.liquid.
Deploy complete @ Sun Feb 25 2018 10:45:17 GMT-0700 (MST). added/changed 1 file(s): sections/featured-collection.liquid.
Deploy complete @ Sun Feb 25 2018 10:45:47 GMT-0700 (MST). added/changed 1 file(s): sections/featured-collection.liquid.
Deploy complete @ Sun Feb 25 2018 10:46:00 GMT-0700 (MST). added/changed 1 file(s): sections/featured-collection.liquid.
Deploy complete @ Sun Feb 25 2018 10:47:18 GMT-0700 (MST). added/changed 1 file(s): sections/featured-collection.liquid.
Deploy complete @ Sun Feb 25 2018 10:47:34 GMT-0700 (MST). added/changed 1 file(s): sections/featured-collection.liquid.
Deploy complete @ Sun Feb 25 2018 10:48:25 GMT-0700 (MST). added/changed 1 file(s): sections/featured-collection.liquid.
Deploy complete @ Sun Feb 25 2018 10:48:42 GMT-0700 (MST). added/changed 1 file(s): sections/featured-collection.liquid.
Deploy complete @ Sun Feb 25 2018 10:48:56 GMT-0700 (MST). added/changed 1 file(s): sections/featured-collection.liquid.
